* Microsoft COBOL Version 5.0        L2.4 revision 003 15-May-19 11:12 Page   1
*                                       MODELO1.COB
* Options: LIST(MODELO1.LST) ASMLIST(MODELO1.GRP)
     1 IDENTIFICATION DIVISION.
     2 PROGRAM-ID.    PGM1.
     3 AUTHOR.        SOLANGE.
     4 DATE-WRITTEN.  17/09/2010.
     5*
     6* CÁLCULO DO PESO IDEAL E IMC
     7*
     8 ENVIRONMENT DIVISION.
     9 CONFIGURATION SECTION.
    10 SPECIAL-NAMES.  DECIMAL-POINT IS COMMA.
    11
    12 DATA    DIVISION.
    13 WORKING-STORAGE SECTION.
    14 01  DADOS-ENTRADA.
    15     05 NOME PIC X(10).
    16     05 SEXO PIC X(01).
    17     05 PESO PIC ZZ9,99.
    18     05 ALT  PIC 9,99.
    19 01  LINHA   PIC X(80) VALUE ALL "Í".
    20 01  RESP    PIC X(01) VALUE SPACE.
    21 01  DADOS-CALCULO.
    22     05 PESO-CALC    PIC 9(03)V99 VALUE ZEROS.
    23     05 ALT-CALC     PIC 9V99     VALUE ZEROS.
    24     05 IMC-CALC     PIC 99V99    VALUE ZEROS.
    25     05 PIDEAL-CALC  PIC 9(03)V99 VALUE ZEROS.
    26 01  DADOS-SAIDA.
    27     05 IMC-SAIDA    PIC Z9,99.
    28     05 PIDEAL-SAIDA PIC ZZ9,99.
    29 PROCEDURE DIVISION.
    30 PRINCIPAL.
    31 PERFORM PROGRAMA UNTIL RESP = "N" OR "n"
    32 STOP RUN.
    33
    34 PROGRAMA.
    35 PERFORM MONTA-TELA
    36 PERFORM ENTRA-DADOS
    37 PERFORM CALCULOS
    38 PERFORM MOSTRA-RESULTADOS.
    39 MONTA-TELA.
    40     DISPLAY ERASE
    41     DISPLAY LINHA AT 0101 WITH FOREGROUND-COLOR 15
    42     DISPLAY "ACADEMIA  MACK-FIT - CALCULO DO IMC" AT  0223
    43     WITH FOREGROUND-COLOR 3
    44 DISPLAY LINHA AT 0301 WITH FOREGROUND-COLOR 15
    45 DISPLAY "NOME..: " AT 0710 WITH FOREGROUND-COLOR 3
    46 DISPLAY "SEXO..: " AT 0910 WITH FOREGROUND-COLOR 3
    47 DISPLAY "PESO..: " AT 1110 WITH FOREGROUND-COLOR 3
    48 DISPLAY "ALTURA: " AT 1310 WITH FOREGROUND-COLOR 3.
    49 ENTRA-DADOS.
    50 INITIALIZE DADOS-ENTRADA
    51     ACCEPT NOME AT 0718 WITH FOREGROUND-COLOR 15 PROMPT
    52     ACCEPT SEXO AT 0918 WITH FOREGROUND-COLOR 15 AUTO-SKIP UPPER
    53     ACCEPT PESO AT 1118 WITH FOREGROUND-COLOR 15 EMPTY-CHECK
    54     ACCEPT ALT  AT 1318 WITH FOREGROUND-COLOR 15 EMPTY-CHECK
    55     DISPLAY "TECLE <ENTER> PARA RESULTADOS" AT 1550
    56     WITH FOREGROUND-COLOR 3
    57 STOP " ".
* Microsoft COBOL Version 5.0        L2.4 revision 003 15-May-19 11:12 Page   2
*                                       MODELO1.COB
    58 CALCULOS.
    59 MOVE PESO TO PESO-CALC
    60 MOVE ALT  TO ALT-CALC
    61    COMPUTE IMC-CALC = PESO-CALC / (ALT-CALC ** 2)
    62    IF  SEXO = "F"
    63        COMPUTE PIDEAL-CALC = 62,1 * ALT-CALC - 44,7
    64    ELSE
    65    COMPUTE PIDEAL-CALC = 72,7 * ALT-CALC - 58
    66    END-IF.
    67 MOSTRA-RESULTADOS.
    68 DISPLAY ERASE
    69 DISPLAY LINHA AT 0101 WITH FOREGROUND-COLOR 15
    70 DISPLAY "ACADEMIA  MACK-FIT - RESULTADOS" AT  0226
    71         WITH FOREGROUND-COLOR 3
    72 DISPLAY LINHA AT 0301 WITH FOREGROUND-COLOR 15
    73 DISPLAY "NOME......: " AT 0710 WITH FOREGROUND-COLOR 3
    74 DISPLAY "PESO IDEAL: " AT 0910 WITH FOREGROUND-COLOR 3
    75 DISPLAY "IMC.......: " AT 1110 WITH FOREGROUND-COLOR 3
    76 DISPLAY NOME AT 0722 WITH FOREGROUND-COLOR 15
    77 MOVE PIDEAL-CALC TO PIDEAL-SAIDA
    78 DISPLAY PIDEAL-SAIDA AT 0922 WITH FOREGROUND-COLOR 15
    79 MOVE IMC-CALC TO IMC-SAIDA
    80 DISPLAY IMC-SAIDA AT 1122 WITH FOREGROUND-COLOR 15
    81 EVALUATE TRUE
    82 WHEN IMC-CALC < 18,5 DISPLAY " - ABAIXO DO PESO" AT 1127
    83      WITH FOREGROUND-COLOR 14
    84 WHEN IMC-CALC >= 18,5 AND <= 24,9
    85      DISPLAY " - NORMAL" AT 1127
    86      WITH FOREGROUND-COLOR 2
    87 WHEN IMC-CALC >= 25 AND <= 29,9
    88      DISPLAY " - ACIMA DO PESO" AT 1127
    89      WITH FOREGROUND-COLOR 14
    90 WHEN IMC-CALC >= 30  DISPLAY " - OBESO" AT 1127
    91      WITH FOREGROUND-COLOR 4
    92 END-EVALUATE
    93 MOVE SPACES TO RESP
    94 PERFORM UNTIL RESP = "S" OR "N"
    95 DISPLAY "OUTRO CALCULO? (S/N)" AT 1550
    96        WITH FOREGROUND-COLOR 3
    97 ACCEPT RESP AT 1571 WITH FOREGROUND-COLOR 15
    98 END-PERFORM.
    99
* Microsoft COBOL Version 5.0        L2.4 revision 003
* (C)Copyright Microsoft Corp 1984, 1993       URN AXUPA/ZZ0/00001
*                                              REF GNB-029052003A8
*
* Total Messages:     0
* Data:         552     Code:        1040
