* Microsoft COBOL Version 5.0        L2.4 revision 003 26-May-19 18:25 Page   1
*                                        SISALU.COB
* Options: LIST(SISALU.LST) ASMLIST(SISALU.GRP)
     1 IDENTIFICATION DIVISION.
     2 PROGRAM-ID.      SISALU.
     3 AUTHOR.         PERINHA.
     4 ENVIRONMENT DIVISION.
     5 CONFIGURATION SECTION.
     6 SPECIAL-NAMES.
     7     DECIMAL-POINT IS COMMA.
     8 INPUT-OUTPUT SECTION.
     9 FILE-CONTROL.
    10     SELECT ARQ-ENT ASSIGN TO DISK
    11            ORGANIZATION IS INDEXED
    12            ACCESS MODE  IS DYNAMIC
    13            LOCK MODE    IS AUTOMATIC
    14            RECORD KEY   IS CODIGO.
    15     SELECT ARQ-PARCELA ASSIGN TO DISK
    16            ORGANIZATION IS INDEXED
    17            ACCESS MODE  IS DYNAMIC
    18            RECORD KEY IS PARC-CODIGO.
    19
    20     SELECT NOTAS-ENT ASSIGN TO DISK
    21            ORGANIZATION IS INDEXED
    22            ACCESS MODE IS DYNAMIC
    23            RECORD KEY IS NOTA-CODIGO
    24            LOCK MODE IS AUTOMATIC
    25            FILE STATUS  IS WS-STATUS.
    26
    27 DATA DIVISION.
    28 FILE SECTION.
    29 FD  ARQ-ENT
    30     LABEL RECORD IS STANDARD
    31     DATA  RECORD IS REG-ENT
    32     VALUE OF FILE-ID "ALUNOS.DAT".
    33 01  REG-ENT.
    34     02 CODIGO         PIC 9(08).
    35     02 NOME           PIC X(20).
    36     02 S-NOME         PIC X(30).
    37     02 FONE           PIC X(12).
    38     02 CEP            PIC X(08).
    39     02 CIDADE         PIC X(08).
    40     02 UF             PIC X(02).
    41     02 BAIRRO         PIC X(32).
    42     02 RUA            PIC X(55).
    43
    44 FD  NOTAS-ENT
    45     LABEL RECORD IS STANDARD
    46     DATA  RECORD IS NOTAS-REG
    47     VALUE OF FILE-ID "NOTAS.DAT".
    48 01  NOTAS-REG.
    49     02 NOTA-CODIGO               PIC 9(08).
    50     02 NOTA-NOME                 PIC X(20).
    51     02 NOTA-S-NOME               PIC X(30).
    52     02 PRIMEIRO                  PIC 9(02).
    53     02 SEGUNDO                   PIC 9(02).
    54     02 TERCEIRO                  PIC 9(02).
    55     02 QUARTO                    PIC 9(02).
    56
    57 FD  ARQ-PARCELA
* Microsoft COBOL Version 5.0        L2.4 revision 003 26-May-19 18:25 Page   2
*                                        SISALU.COB
    58     LABEL RECORD IS STANDARD
    59     DATA  RECORD IS PARC-REG
    60     VALUE OF FILE-ID "MENSAL.DAT".
    61 01  PARC-REG.
    62     02 PARC-CODIGO         PIC 9(08).
    63     02 PARC-NOME           PIC A(20).
    64     02 PARC-S-NOME         PIC A(30).
    65     02 PARC-ANO-REF        PIC 9(04).
    66     02 VAL-PARCELA         PIC ZZZ.Z9.
    67     02 MENSA-1-SAI.
    68        03 MES-REF-1        PIC A(9).
    69        03 SITU-1           PIC A(02).
    70     02 MENSA-2-SAI.
    71        03 MES-REF-2        PIC A(9).
    72        03 SITU-2           PIC A(02).
    73     02 MENSA-3-SAI.
    74        03 MES-REF-3        PIC A(9).
    75        03 SITU-3           PIC A(02).
    76     02 MENSA-4-SAI.
    77        03 MES-REF-4        PIC A(9).
    78        03 SITU-4           PIC A(02).
    79
    80 WORKING-STORAGE SECTION.
    81*=*=*=*=*=*=*=*=*=*=*=*=*=*=*=*=*=*=*=*=*=*=*=*=*=*=*=*=*=*=*=*=*
    82*              cores para screen section.
    83*=*=*=*=*=*=*=*=*=*=*=*=*=*=*=*=*=*=*=*=*=*=*=*=*=*=*=*=*=*=*=*=*
    84 78  BLACK                  VALUE 0.
    85 78  BLUE                   VALUE 1.
    86 78  GREEN                  VALUE 2.
    87 78  CYAN                   VALUE 3.
    88 78  RED                    VALUE 4.
    89 78  MAGENTA                VALUE 5.
    90 78  YELLOW                 VALUE 6.
    91 78  WHITE                  VALUE 7.
    92*=*=*=*=*=*=*=*=*=*=*=*=*=*=*=*=*=*=*=*=*=*=*=*=*=*=*=*=*=*=*=*=*
    93*    estas cores sao usadas apenas para cor de fundo
    94*=*=*=*=*=*=*=*=*=*=*=*=*=*=*=*=*=*=*=*=*=*=*=*=*=*=*=*=*=*=*=*=*
    95*
    96
    97 78  BRIGHT-BLACK                     VALUE 8.
    98 78  BRIGHT-BLUE                      VALUE 9.
    99 78  BRIGHT-GREEN                     VALUE 10.
   100 78  BRIGHT-CYAN                      VALUE 11.
   101 78  BRIGHT-RED                       VALUE 12.
   102 78  BRIGHT-MAGENTA                   VALUE 13.
   103 78  BRIGHT-BROWN                     VALUE 14.
   104 78  BRIGHT-WHITE                     VALUE 15.
   105
   106 77  WS-STATUS    PIC X(02) VALUE SPACES.
   107
   108 77 FS-STAT PIC 9(02).
   109     88 FS-OK               VALUE ZEROS.
   110     88 FS-CANCELA          VALUE 99.
   111     88 FS-NAO-EXISTE       VALUE 35.
   112
   113 01  WS-REGISTRO.
   114     02 WS-CODIGO PIC 9(08) VALUE ZEROS.
   115     02 WS-NOME   PIC X(20) VALUE SPACES.
* Microsoft COBOL Version 5.0        L2.4 revision 003 26-May-19 18:25 Page   3
*                                        SISALU.COB
   116     02 WS-S-NOME PIC X(30) VALUE SPACES.
   117     02 WS-FONE   PIC X(12) VALUE SPACES.
   118     02 WS-CEP    PIC X(08) VALUE SPACES.
   119     02 WS-CIDADE PIC X(08) VALUE SPACES.
   120     02 WS-UF     PIC X(02) VALUE SPACES.
   121     02 WS-BAIRRO PIC X(32) VALUE SPACES.
   122     02 WS-RUA    PIC X(55) VALUE SPACES.
   123 01 VARIAVEIS-GERAIS.
   124
   125     02 LINHA-BRANCO          PIC X(80) VALUE SPACES.
   126     02 WS-PARCELA            PIC 9(4).
   127     02 WS-NROPARC            PIC 9(2) VALUE 3.
   128     02 W-MEDIA               PIC 9.9   VALUE ZEROS.
   129     02 WS-CONT               PIC 9(03) VALUE ZEROS.
   130     02 WS-CODIGO-NOVO        PIC 9(08) VALUE ZEROS.
   131     02 W-NADA                PIC X     VALUE SPACES.
   132     02 W-OPCAO               PIC X(1)  VALUE ZEROS.
   133     02 W-MODO                PIC X(1)  VALUE ZEROS.
   134
   135 01  WS-DATA.
   136     02 WS-ANO    PIC 9(02) VALUE ZEROS.
   137     02 WS-MES    PIC 9(02) VALUE ZEROS.
   138     02 WS-DIA    PIC 9(02) VALUE ZEROS.
   139 01  WS-HORA.
   140     02 WS-HOR    PIC 9(02) VALUE ZEROS.
   141     02 WS-MIN    PIC 9(02) VALUE ZEROS.
   142     02 WS-SEG    PIC 9(02) VALUE ZEROS.
   143     02 WS-CSE    PIC 9(02) VALUE ZEROS.
   144
   145 LINKAGE SECTION.
   146 01  LK-VARIAVEIS.
   147     03 XXXXXX    PIC X(06).
   148     03 YYYYYY    PIC X(06).
   149
   150 SCREEN SECTION.
   151 01  SS-MENU1 HIGHLIGHT BACKGROUND-COLOR BLUE.
   152     02 LINE  1 COLUMN  1 VALUE "DATA:".
   153     02 LINE  1 COLUMN 20 VALUE
   154-     "CADASTRO DE ALUNOS :       MODO=                 ".
   155     02 LINE 3 COL 1 VALUE
   156-      "CONSULTA / ALTERA / EXCLUI=1 - CADASTRAR=2  ".
   157     02 LINE 3 COL 45 VALUE "NOTAS=3  FINANCEIRO=4  SAIR=9".
   158
   159  01  SS-TELA1 FOREGROUND-COLOR CYAN.
   160     02 BLANK SCREEN.
   161     02 LINE  6 COLUMN 07 VALUE "Codigo............ :".
   162     02 LINE  7 COLUMN 07 VALUE "Aluno............. :".
   163     02 LINE  8 COLUMN 07 VALUE "Fone.............. :".
   164     02 LINE 09 COLUMN 07 VALUE "CEP............... :".
   165     02 LINE 10 COLUMN 07 VALUE "Cidade ........... :".
   166     02 LINE 11 COLUMN 07 VALUE "UF................ :".
   167     02 LINE 12 COLUMN 07 VALUE "Bairro............ :".
   168     02 LINE 13 COLUMN 07 VALUE "Rua............... :".
   169     02 LINE 24 COLUMN  1 VALUE "AVISO:".
   170     02 LINE 25 COLUMN  1 VALUE "ESCOLHA OPCAO:".
   171*
   172*=================================================================
   173*
* Microsoft COBOL Version 5.0        L2.4 revision 003 26-May-19 18:25 Page   4
*                                        SISALU.COB
   174 PROCEDURE DIVISION.
   175
   176 INICIO.
   177 OPEN I-O ARQ-ENT.
   178 OPEN I-O NOTAS-ENT.
   179 OPEN I-O ARQ-PARCELA.
   180 PERFORM UNTIL W-OPCAO = "9"
   181 PERFORM LIMPA-CAMPOS
   182 DISPLAY SS-TELA1
   183 DISPLAY SS-MENU1
   184 PERFORM INICIA-DATAS
   185   ACCEPT W-OPCAO AT 2515 WITH PROMPT
   186   EVALUATE TRUE
   187    WHEN W-OPCAO = "1" PERFORM CONS-ALT-DEL THRU CONS-ALT-DEL-FIM
   188    WHEN W-OPCAO = "2" PERFORM INCLUIR THRU INCLUIR-FIM
   189    WHEN W-OPCAO = "3" PERFORM MOSTRA-NOTAS THRU MOSTRA-NOTAS-FIM
   190    WHEN W-OPCAO = "4" PERFORM FINANCE THRU FINANCE-FIM
   191    WHEN W-OPCAO = "9" GO TO SAIR
   192   END-EVALUATE
   193 END-PERFORM.
   194*=========================================================================
   195*    FINALIZA AQUI O PROGRAMA
   196 SAIR.
   197 CLOSE ARQ-ENT.
   198 CLOSE NOTAS-ENT.
   199 CLOSE ARQ-PARCELA.
   200 STOP RUN.
   201*    FINALIZA AQUI O PROGRAMA
   202*=========================================================================
   203*
   204 CONS-ALT-DEL.
   205 MOVE SPACES TO W-NADA.
   206 PERFORM LIMPA-CAMPOS.
   207 DISPLAY "CONSULTA/ALTERA/DELETA" AT 0154.
   208 ACCEPT  CODIGO AT 0630 WITH PROMPT.
   209 IF CODIGO = 0
   210       DISPLAY "CODIGO INVALIDO  !" AT 2407
   211       ACCEPT W-NADA AT 2426
   212       MOVE ZEROS TO CODIGO
   213       DISPLAY LINHA-BRANCO AT 2401
   214       GO TO CONS-ALT-DEL-FIM
   215 ELSE
   216
   217 READ ARQ-ENT
   218          KEY IS CODIGO
   219          INVALID KEY
   220          MOVE SPACES TO NOME S-NOME FONE BAIRRO CIDADE UF CEP RUA
   221          DISPLAY "Registro nao encontrado !" AT 2407
   222          ACCEPT W-NADA AT 2426
   223          DISPLAY LINHA-BRANCO AT 2401
   224          GO TO CONS-ALT-DEL
   225 END-READ
   226 DISPLAY NOME      AT 0729.
   227 DISPLAY S-NOME    AT 0755.
   228 DISPLAY FONE      AT 0829.
   229 DISPLAY CEP       AT 0929.
   230 DISPLAY CIDADE    AT 1029.
   231 DISPLAY UF        AT 1129.
* Microsoft COBOL Version 5.0        L2.4 revision 003 26-May-19 18:25 Page   5
*                                        SISALU.COB
   232 DISPLAY BAIRRO    AT 1229.
   233 DISPLAY RUA       AT 1329.
   234 DISPLAY "C=CONTINUA CONSULTA / E=EDITAR / D=DELETA/ F=FIM :"
   235-         AT 2515.
   236
   237 ACCEPT  W-OPCAO AT 2565 WITH PROMPT.
   238 MOVE W-OPCAO TO W-MODO
   239 DISPLAY LINHA-BRANCO AT 2501
   240 IF W-MODO = "C" OR W-MODO = "c" GO TO CONS-ALT-DEL.
   241 IF W-MODO = "E" OR W-MODO = "e" GO TO ALTERA.
   242 IF W-MODO = "D" OR W-MODO = "d" GO TO EXCLUIR.
   243 MOVE SPACES TO W-OPCAO
   244 GO TO CONS-ALT-DEL-FIM.
   245
   246 ALTERA.
   247 MOVE SPACES TO W-OPCAO.
   248 DISPLAY " ** ALTERA **  " AT 0154.
   249 PERFORM PEGA-DADOS.
   250 DISPLAY  "Confirma alteracao S/N ?" AT 2407.
   251 ACCEPT W-NADA AT 2431.
   252 DISPLAY LINHA-BRANCO AT 2401.
   253 IF W-NADA = "n" move "N" TO W-NADA.
   254 IF W-NADA = "N"
   255           MOVE SPACE TO W-OPCAO
   256           GO TO CONS-ALT-DEL
   257 END-IF.
   258
   259 REWRITE REG-ENT
   260     INVALID KEY
   261             DISPLAY "ERRO AO GRAVAR !" AT 2407
   262             ACCEPT W-NADA AT 2424
   263             MOVE SPACES TO W-OPCAO
   264             DISPLAY LINHA-BRANCO AT 2407
   265             GO TO CONS-ALT-DEL
   266     NOT INVALID KEY
   267     DISPLAY "Registro alterado com sucesso   !" AT 2407
   268     ACCEPT W-NADA AT 2438
   269     DISPLAY LINHA-BRANCO AT 2401
   270     DISPLAY "
   271-            "                " AT 2407
   272     MOVE SPACES TO W-NADA
   273 END-REWRITE.
   274 DISPLAY "CONTINUAR=C  S=SAIR->" AT 2515.
   275 ACCEPT W-NADA AT 2536.
   276 DISPLAY LINHA-BRANCO AT 2501.
   277 IF W-NADA = "C" or W-NADA = "c"  GO TO CONS-ALT-DEL
   278 END-IF.
   279 MOVE SPACES TO W-NADA.
   280 GO TO CONS-ALT-DEL-FIM.
   281 EXCLUIR.
   282 MOVE SPACES TO W-NADA.
   283 DISPLAY "**  EXCLUIR  **" AT 0154.
   284 DISPLAY  "Confirma EXLUSAO  S/N ?" AT 2407.
   285 ACCEPT W-NADA AT 2430.
   286 DISPLAY LINHA-BRANCO AT 2501.
   287 IF W-NADA = "n" move "N" TO W-NADA.
   288 IF W-NADA = "N"
   289           MOVE SPACES TO W-OPCAO
* Microsoft COBOL Version 5.0        L2.4 revision 003 26-May-19 18:25 Page   6
*                                        SISALU.COB
   290           GO TO CONS-ALT-DEL
   291 END-IF.
   292 DELETE ARQ-ENT RECORD
   293       INVALID KEY
   294       DISPLAY "ERRO AO EXCLUIR..." AT 2407
   295 END-DELETE.
   296 MOVE SPACES TO W-NADA.
   297 DISPLAY "CONTINUAR=C  S=SAIR->" AT 2515.
   298 ACCEPT W-NADA AT 2536.
   299 DISPLAY LINHA-BRANCO AT 2501.
   300 IF W-NADA = "C" or W-NADA = "c"  GO TO CONS-ALT-DEL
   301 END-IF.
   302 CONS-ALT-DEL-FIM.
   303
   304*=================================================================
   305 INCLUIR.
   306* PROCURA PELO ULTIMO REGISTRO
   307 MOVE "N" TO W-NADA.
   308 PERFORM UNTIL W-NADA = "Y"
   309   READ ARQ-ENT NEXT RECORD
   310     AT END
   311      MOVE "Y" TO W-NADA
   312     NOT AT END
   313       CONTINUE
   314   END-READ.
   315*
   316*ENCONTRAMOS O ULTIMO REGISTRO PARA OBTER O ULTIMO CODIGO GRAVADO
   317*O SISTEMA GERA UM NOVO CODIGO AUTOMATICAMENTE
   318 INCLUI-RESTART.
   319 MOVE SPACES TO W-NADA.
   320 DISPLAY SS-TELA1.
   321 MOVE CODIGO TO WS-CODIGO-NOVO.
   322 ADD 1 TO WS-CODIGO-NOVO.
   323 IF WS-CODIGO-NOVO > 20199999
   324    DISPLAY "Arquivo CHEIO impossivel cadastrar novo registro!"
   325-   AT 2407
   326    ACCEPT W-NADA AT 2457
   327    DISPLAY LINHA-BRANCO AT 2401
   328    GO TO INCLUIR-FIM
   329 ELSE
   330 MOVE WS-CODIGO-NOVO TO CODIGO
   331 END-IF.
   332 DISPLAY "** CADASTRAR **" AT 0154.
   333 PERFORM LIMPA-DADOS.
   334 PERFORM LIMPA-CAMPOS.
   335 DISPLAY CODIGO AT 0629.
   336 INCLUI-LOOP.
   337 PERFORM PEGA-DADOS.
   338 IF NOME   EQUAL SPACES OR S-NOME EQUAL SPACES
   339    GO TO ERRO.
   340 IF FONE   EQUAL SPACES OR CEP EQUAL SPACES
   341    GO TO ERRO.
   342 IF CIDADE EQUAL SPACES OR UF EQUAL SPACES
   343    GO TO ERRO.
   344 IF  BAIRRO EQUAL SPACES OR RUA EQUAL SPACES
   345     GO TO ERRO.
   346 GO TO TUDO-OK.
   347 ERRO.
* Microsoft COBOL Version 5.0        L2.4 revision 003 26-May-19 18:25 Page   7
*                                        SISALU.COB
   348 DISPLAY "POR FAVOR CAMPOS EM BRANCO NAO SAO ACEITOS!" AT 2407.
   349 ACCEPT W-NADA AT 2451.
   350 GO TO INCLUI-LOOP.
   351 TUDO-OK.
   352 DISPLAY  "Confirma NOVO cadastro S/N ?" AT 2407.
   353 MOVE SPACES TO W-NADA.
   354 ACCEPT W-NADA AT 2435.
   355 DISPLAY LINHA-BRANCO AT 2401.
   356 IF W-NADA = "n" move "N" TO W-NADA.
   357 IF W-NADA = "N"
   358           MOVE SPACE TO W-NADA
   359           GO TO INCLUIR-FIM
   360 END-IF.
   361 WRITE REG-ENT
   362      INVALID KEY
   363          DISPLAY "CLIENTE JA EXISTE" AT 2407
   364          ACCEPT W-NADA AT 2425
   365          DISPLAY LINHA-BRANCO AT 2407
   366 END-WRITE.
   367 DISPLAY "CONTINUAR=C  S=SAIR->" AT 2515.
   368 ACCEPT W-NADA AT 2536.
   369 DISPLAY LINHA-BRANCO AT 2501.
   370 IF W-NADA ="c" THEN MOVE "C" TO W-NADA.
   371 IF W-NADA = "C"  GO TO INCLUI-RESTART
   372 END-IF.
   373 INCLUIR-FIM.
   374*=================================================================
   375 MOSTRA-NOTAS.
   376* OPEN INPUT NOTAS-ENT.
   377 NOTAS-RET.
   378 MOVE ZEROS TO CODIGO.
   379 MOVE ZEROS TO NOTA-CODIGO.
   380 PERFORM LIMPA-NOTAS.
   381 DISPLAY "** N O T A S **" AT 0154.
   382 MOVE SPACES TO W-OPCAO.
   383 MOVE SPACES TO W-NADA.
   384 ACCEPT  CODIGO AT 0630 WITH PROMPT.
   385 IF CODIGO = 0
   386       DISPLAY "CODIGO INVALIDO  !" AT 2407
   387       ACCEPT W-NADA AT 2426
   388       DISPLAY "                                 " AT 2407
   389       GO TO NOTAS-RET
   390 END-IF.
   391 MOVE CODIGO TO NOTA-CODIGO.
   392 READ NOTAS-ENT
   393          KEY IS NOTA-CODIGO
   394          INVALID KEY
   395          MOVE SPACES TO  NOTA-NOME NOTA-S-NOME
   396          DISPLAY "Registro nao encontrado !" AT 2407
   397          ACCEPT W-NADA AT 2426
   398          DISPLAY LINHA-BRANCO AT 2401
   399          GO TO NOTAS-SAI
   400 END-READ.
   401 DISPLAY "PRIMEIRO MODULO....:" AT 0807.
   402 DISPLAY "SEGUNDO  MODULO....:" AT 0907.
   403 DISPLAY "TERCEIRO MODULO....:" AT 1007.
   404 DISPLAY "QUARTO   MODULO....:" AT 1107.
   405 DISPLAY "ALUNO..............:" AT 0707.
* Microsoft COBOL Version 5.0        L2.4 revision 003 26-May-19 18:25 Page   8
*                                        SISALU.COB
   406 DISPLAY NOTA-NOME      AT 0729.
   407 DISPLAY NOTA-S-NOME    AT 0755.
   408 DISPLAY PRIMEIRO       AT 0829.
   409 DISPLAY SEGUNDO        AT 0929.
   410 DISPLAY TERCEIRO       AT 1029.
   411 DISPLAY QUARTO         AT 1129.
   412 DISPLAY "----------------------------------"  AT 1207.
   413 DISPLAY "AVALIACAO =========>"  AT 1307.
   414 COMPUTE W-MEDIA = (PRIMEIRO+SEGUNDO+TERCEIRO+QUARTO) / 4.
   415 DISPLAY W-MEDIA AT 1329.
   416 IF W-MEDIA > 5 DISPLAY "APROVADO !" AT 1429.
   417 IF W-MEDIA < 5 DISPLAY "REPROVADO!" AT 1429.
   418 NOTAS-SAI.
   419 DISPLAY "C = CONTINUA CONSULTAR NOTAS  /  F = FIM :"
   420-         AT 2515.
   421 ACCEPT  W-OPCAO AT 2557 WITH PROMPT.
   422 DISPLAY LINHA-BRANCO AT 2501.
   423 IF W-OPCAO = "C" OR W-OPCAO = "c" GO TO NOTAS-RET.
   424 MOVE SPACES TO W-OPCAO.
   425 MOSTRA-NOTAS-FIM.
   426*=================================================================
   427 FINANCE.
   428 MOVE ZEROS TO CODIGO.
   429 MOVE ZEROS TO PARC-CODIGO.
   430 PERFORM LIMPA-NOTAS.
   431 DISPLAY "*FINANCEIRO*" AT 0154.
   432 MOVE SPACES TO W-OPCAO.
   433 MOVE SPACES TO W-NADA.
   434 ACCEPT  CODIGO AT 0630 WITH PROMPT.
   435 IF CODIGO = 0
   436       DISPLAY "CODIGO INVALIDO  !" AT 2407
   437       ACCEPT W-NADA AT 2426
   438       DISPLAY "                                 " AT 2407
   439       GO TO FINANCE
   440 END-IF.
   441 MOVE CODIGO TO PARC-CODIGO.
   442 READ ARQ-PARCELA
   443          KEY IS PARC-CODIGO
   444          INVALID KEY
   445          MOVE SPACES TO  PARC-NOME PARC-S-NOME
   446          DISPLAY "Registro nao encontrado !" AT 2407
   447          ACCEPT W-NADA AT 2426
   448          DISPLAY LINHA-BRANCO AT 2401
   449          GO TO FINANCE-SAI
   450 END-READ.
   451
   452 DISPLAY "ALUNO..............:" AT 0707.
   453 DISPLAY PARC-NOME      AT 0729.
   454 DISPLAY PARC-S-NOME    AT 0755.
   455
   456 DISPLAY "ANO REF............:" AT 0807.
   457 DISPLAY PARC-ANO-REF AT 0827.
   458
   459 DISPLAY "VALOR DA PARCELA...:" AT 0837.
   460 DISPLAY VAL-PARCELA AT 0858.
   461
   462 DISPLAY "MES REF..:" AT 0907.
   463 DISPLAY MES-REF-1 AT 0917.
* Microsoft COBOL Version 5.0        L2.4 revision 003 26-May-19 18:25 Page   9
*                                        SISALU.COB
   464 DISPLAY "SITUACAO.:" AT 0927.
   465 DISPLAY SITU-1 AT 0937.
   466
   467 DISPLAY "MES REF..:" AT 1007.
   468 DISPLAY MES-REF-2 AT 1017.
   469 DISPLAY "SITUACAO.:" AT 1027.
   470 DISPLAY SITU-2 AT 1037.
   471
   472 DISPLAY "MES REF..:" AT 1107.
   473 DISPLAY MES-REF-3 AT 1117.
   474 DISPLAY "SITUACAO.:" AT 1127.
   475 DISPLAY SITU-3 AT 1137.
   476
   477 DISPLAY "MES REF..:" AT 1207.
   478 DISPLAY MES-REF-4 AT 1217.
   479 DISPLAY "SITUACAO.:" AT 1227.
   480 DISPLAY SITU-4 AT 1237.
   481
   482 FINANCE-SAI.
   483 DISPLAY "C = CONTINUA CONSULTAR PARCELAS /  F = FIM :"
   484-         AT 2515.
   485 ACCEPT  W-OPCAO AT 2559 WITH PROMPT.
   486 DISPLAY LINHA-BRANCO AT 2501.
   487 IF W-OPCAO = "C" OR W-OPCAO = "c" GO TO FINANCE.
   488 MOVE ZEROS TO W-OPCAO.
   489 FINANCE-FIM.
   490*=================================================================
   491 INICIA-DATAS.
   492 ACCEPT WS-DATA FROM DATE
   493 ACCEPT WS-HORA FROM TIME
   494 DISPLAY "/  /" AT 0108
   495 DISPLAY WS-DIA AT 0106
   496 DISPLAY WS-MES AT 0109
   497 DISPLAY WS-ANO AT 0112
   498 .
   499*=================================================================
   500 PEGA-DADOS.
   501 ACCEPT NOME   AT 0729
   502
   503 ACCEPT S-NOME AT 0755
   504
   505 ACCEPT FONE   AT 0829
   506
   507 ACCEPT CEP    AT 0929
   508
   509 ACCEPT CIDADE AT 1029
   510
   511 ACCEPT UF     AT 1129
   512
   513 ACCEPT BAIRRO AT 1229
   514
   515 ACCEPT RUA    AT 1329
   516 .
   517*
   518*=================================================================
   519*
   520 LIMPA-CAMPOS.
   521     DISPLAY WS-NOME AT 0729 WITH FOREGROUND-COLOR WHITE
* Microsoft COBOL Version 5.0        L2.4 revision 003 26-May-19 18:25 Page  10
*                                        SISALU.COB
   522     DISPLAY WS-S-NOME AT 0755 WITH FOREGROUND-COLOR WHITE
   523     DISPLAY WS-FONE AT 0829 WITH FOREGROUND-COLOR GREEN
   524     DISPLAY WS-CEP AT 0929 WITH FOREGROUND-COLOR CYAN
   525     DISPLAY WS-CIDADE AT 1029 WITH FOREGROUND-COLOR MAGENTA
   526     DISPLAY WS-UF AT 1129 WITH FOREGROUND-COLOR YELLOW
   527     DISPLAY WS-BAIRRO AT 1229 WITH FOREGROUND-COLOR RED
   528     DISPLAY WS-RUA AT 1329 WITH FOREGROUND-COLOR GREEN
   529     DISPLAY "
   530-            "                   " AT 2515
   531     DISPLAY "
   532-            "                " AT 2407
   533 .
   534*
   535*=================================================================
   536 LIMPA-NOTAS.
   537     DISPLAY LINHA-BRANCO AT 0701 WITH FOREGROUND-COLOR GREEN
   538     DISPLAY LINHA-BRANCO AT 0801 WITH FOREGROUND-COLOR GREEN
   539     DISPLAY LINHA-BRANCO AT 0901 WITH FOREGROUND-COLOR CYAN
   540     DISPLAY LINHA-BRANCO AT 1001 WITH FOREGROUND-COLOR MAGENTA
   541     DISPLAY LINHA-BRANCO AT 1101 WITH FOREGROUND-COLOR YELLOW
   542     DISPLAY LINHA-BRANCO AT 1201 WITH FOREGROUND-COLOR RED
   543     DISPLAY LINHA-BRANCO AT 1301 WITH FOREGROUND-COLOR GREEN
   544     DISPLAY LINHA-BRANCO AT 1401 WITH FOREGROUND-COLOR GREEN
   545 .
   546*
   547*=================================================================
   548 LIMPA-DADOS.
   549 MOVE SPACES TO NOME S-NOME FONE CEP CIDADE UF BAIRRO  RUA
   550 .
   551
* Microsoft COBOL Version 5.0        L2.4 revision 003
* (C)Copyright Microsoft Corp 1984, 1993       URN AXUPA/ZZ0/00001
*                                              REF GNB-029052003A8
*
* Total Messages:     0
* Data:        2276     Code:        4769
